<?xml version="1.0" encoding="UTF-8"?>
<!-- Generated by org.testng.reporters.JUnitReportReporter -->
<testsuite hostname="DESKTOP-613T72M" failures="0" tests="4" name="com.qa.testcases.TC_ProductDetailsPage_005" time="21.266" errors="0" timestamp="2023-08-07T03:10:08 GMT-11:00" skipped="0">
  <testcase classname="com.qa.testcases.TC_ProductDetailsPage_005" name="test1" time="4.272"/>
  <testcase classname="com.qa.testcases.TC_ProductDetailsPage_005" name="doLogin" time="1.514"/>
  <testcase classname="com.qa.testcases.TC_ProductDetailsPage_005" name="Quantity" time="14.375"/>
  <testcase classname="com.qa.testcases.TC_ProductDetailsPage_005" name="doLogOut" time="1.105"/>
</testsuite> <!-- com.qa.testcases.TC_ProductDetailsPage_005 -->
