<?xml version="1.0" encoding="UTF-8"?>
<!-- Generated by org.testng.reporters.JUnitReportReporter -->
<testsuite hostname="DESKTOP-613T72M" failures="0" tests="4" name="com.qa.testcases.TC_HomePage_004" time="29.175" errors="0" timestamp="2023-08-06T15:26:24 GMT-11:00" skipped="0">
  <testcase classname="com.qa.testcases.TC_HomePage_004" name="test1" time="16.112"/>
  <testcase classname="com.qa.testcases.TC_HomePage_004" name="checkAllLink" time="0.809"/>
  <testcase classname="com.qa.testcases.TC_HomePage_004" name="checkCategoriesLink" time="0.073"/>
  <testcase classname="com.qa.testcases.TC_HomePage_004" name="checkFeaturedProduct" time="12.181"/>
</testsuite> <!-- com.qa.testcases.TC_HomePage_004 -->
