<?xml version="1.0" encoding="UTF-8"?>
<!-- Generated by org.testng.reporters.JUnitReportReporter -->
<testsuite hostname="DESKTOP-613T72M" failures="0" tests="2" name="com.qa.testcases.TC_ProductDetailsPage_005" time="21.683" errors="0" timestamp="2023-08-06T15:26:24 GMT-11:00" skipped="0">
  <testcase classname="com.qa.testcases.TC_ProductDetailsPage_005" name="test1" time="7.396"/>
  <testcase classname="com.qa.testcases.TC_ProductDetailsPage_005" name="Quantity" time="14.287"/>
</testsuite> <!-- com.qa.testcases.TC_ProductDetailsPage_005 -->
