<?xml version="1.0" encoding="UTF-8"?>
<!-- Generated by org.testng.reporters.JUnitReportReporter -->
<testsuite hostname="DESKTOP-613T72M" failures="0" tests="3" name="com.qa.testcases.TC_ShoppingCard_007" time="21.650" errors="0" timestamp="2023-08-06T20:39:58 GMT-11:00" skipped="0">
  <testcase classname="com.qa.testcases.TC_ShoppingCard_007" name="test1" time="18.001"/>
  <testcase classname="com.qa.testcases.TC_ShoppingCard_007" name="doLogin" time="2.273"/>
  <testcase classname="com.qa.testcases.TC_ShoppingCard_007" name="test4" time="1.376"/>
</testsuite> <!-- com.qa.testcases.TC_ShoppingCard_007 -->
