<?xml version="1.0" encoding="UTF-8"?>
<!-- Generated by org.testng.reporters.JUnitReportReporter -->
<testsuite hostname="DESKTOP-613T72M" failures="0" tests="6" name="com.qa.testcases.TC_HomePage_004" time="20.634" errors="0" timestamp="2023-08-07T01:02:40 GMT-11:00" skipped="0">
  <testcase classname="com.qa.testcases.TC_HomePage_004" name="test1" time="8.675"/>
  <testcase classname="com.qa.testcases.TC_HomePage_004" name="doLogin" time="1.691"/>
  <testcase classname="com.qa.testcases.TC_HomePage_004" name="checkAllLink" time="0.800"/>
  <testcase classname="com.qa.testcases.TC_HomePage_004" name="checkCategoriesLink" time="0.081"/>
  <testcase classname="com.qa.testcases.TC_HomePage_004" name="checkFeaturedProduct" time="8.357"/>
  <testcase classname="com.qa.testcases.TC_HomePage_004" name="doLogOut" time="1.030"/>
</testsuite> <!-- com.qa.testcases.TC_HomePage_004 -->
