<?xml version="1.0" encoding="UTF-8"?>
<!-- Generated by org.testng.reporters.JUnitReportReporter -->
<testsuite hostname="DESKTOP-613T72M" failures="0" tests="1" name="com.qa.testcases.TC_linkTest_001" time="27.528" errors="0" timestamp="2023-08-06T15:26:24 GMT-11:00" skipped="0">
  <testcase classname="com.qa.testcases.TC_linkTest_001" name="linkTest" time="27.528"/>
</testsuite> <!-- com.qa.testcases.TC_linkTest_001 -->
