<?xml version="1.0" encoding="UTF-8"?>
<!-- Generated by org.testng.reporters.JUnitReportReporter -->
<testsuite hostname="DESKTOP-613T72M" failures="0" tests="4" name="com.qa.testcases.TC_LoginPage_003" time="12.821" errors="0" timestamp="2023-08-06T20:30:03 GMT-11:00" skipped="0">
  <testcase classname="com.qa.testcases.TC_LoginPage_003" name="test1" time="10.101"/>
  <testcase classname="com.qa.testcases.TC_LoginPage_003" name="test2" time="1.790"/>
  <testcase classname="com.qa.testcases.TC_LoginPage_003" name="checkUser" time="0.032"/>
  <testcase classname="com.qa.testcases.TC_LoginPage_003" name="test3" time="0.898"/>
</testsuite> <!-- com.qa.testcases.TC_LoginPage_003 -->
