<?xml version="1.0" encoding="UTF-8"?>
<!-- Generated by org.testng.reporters.JUnitReportReporter -->
<testsuite hostname="DESKTOP-613T72M" failures="0" tests="5" name="com.qa.testcases.TC_CategoryPage_006" time="18.674" errors="0" timestamp="2023-08-07T03:10:08 GMT-11:00" skipped="0">
  <testcase classname="com.qa.testcases.TC_CategoryPage_006" name="test1" time="3.870"/>
  <testcase classname="com.qa.testcases.TC_CategoryPage_006" name="doLogin" time="1.629"/>
  <testcase classname="com.qa.testcases.TC_CategoryPage_006" name="test2" time="2.567"/>
  <testcase classname="com.qa.testcases.TC_CategoryPage_006" name="test3" time="6.142"/>
  <testcase classname="com.qa.testcases.TC_CategoryPage_006" name="doLogOut" time="4.466"/>
</testsuite> <!-- com.qa.testcases.TC_CategoryPage_006 -->
