<?xml version="1.0" encoding="UTF-8"?>
<!-- Generated by org.testng.reporters.JUnitReportReporter -->
<testsuite hostname="DESKTOP-613T72M" failures="0" tests="3" name="com.qa.testcases.TC_LoginPage_003" time="14.860" errors="0" timestamp="2023-08-06T15:26:24 GMT-11:00" skipped="0">
  <testcase classname="com.qa.testcases.TC_LoginPage_003" name="test1" time="12.871"/>
  <testcase classname="com.qa.testcases.TC_LoginPage_003" name="test2" time="1.960"/>
  <testcase classname="com.qa.testcases.TC_LoginPage_003" name="checkUser" time="0.029"/>
</testsuite> <!-- com.qa.testcases.TC_LoginPage_003 -->
