<?xml version="1.0" encoding="UTF-8"?>
<!-- Generated by org.testng.reporters.JUnitReportReporter -->
<testsuite hostname="DESKTOP-613T72M" failures="0" tests="3" name="com.qa.testcases.TC_CategoryPage_006" time="19.332" errors="0" timestamp="2023-08-06T16:55:13 GMT-11:00" skipped="0">
  <testcase classname="com.qa.testcases.TC_CategoryPage_006" name="test1" time="10.072"/>
  <testcase classname="com.qa.testcases.TC_CategoryPage_006" name="test2" time="3.095"/>
  <testcase classname="com.qa.testcases.TC_CategoryPage_006" name="test3" time="6.165"/>
</testsuite> <!-- com.qa.testcases.TC_CategoryPage_006 -->
