<?xml version="1.0" encoding="UTF-8"?>
<!-- Generated by org.testng.reporters.JUnitReportReporter -->
<testsuite hostname="DESKTOP-613T72M" failures="0" tests="5" name="com.qa.testcases.TC_ShoppingCard_007" time="49.768" errors="0" timestamp="2023-08-07T03:10:08 GMT-11:00" skipped="0">
  <testcase classname="com.qa.testcases.TC_ShoppingCard_007" name="test1" time="4.115"/>
  <testcase classname="com.qa.testcases.TC_ShoppingCard_007" name="doLogin" time="1.640"/>
  <testcase classname="com.qa.testcases.TC_ShoppingCard_007" name="test4" time="3.756"/>
  <testcase classname="com.qa.testcases.TC_ShoppingCard_007" name="test5" time="39.367"/>
  <testcase classname="com.qa.testcases.TC_ShoppingCard_007" name="doLogOut" time="0.890"/>
</testsuite> <!-- com.qa.testcases.TC_ShoppingCard_007 -->
