<?xml version="1.0" encoding="UTF-8"?>
<!-- Generated by org.testng.reporters.JUnitReportReporter -->
<testsuite hostname="DESKTOP-613T72M" failures="0" tests="5" name="com.qa.testcases.TC_CategoryPage_006" time="19.778" errors="0" timestamp="2023-08-07T01:06:44 GMT-11:00" skipped="0">
  <testcase classname="com.qa.testcases.TC_CategoryPage_006" name="test1" time="4.310"/>
  <testcase classname="com.qa.testcases.TC_CategoryPage_006" name="doLogin" time="1.690"/>
  <testcase classname="com.qa.testcases.TC_CategoryPage_006" name="test2" time="3.558"/>
  <testcase classname="com.qa.testcases.TC_CategoryPage_006" name="test3" time="6.138"/>
  <testcase classname="com.qa.testcases.TC_CategoryPage_006" name="doLogOut" time="4.082"/>
</testsuite> <!-- com.qa.testcases.TC_CategoryPage_006 -->
