<?xml version="1.0" encoding="UTF-8"?>
<!-- Generated by org.testng.reporters.JUnitReportReporter -->
<testsuite hostname="DESKTOP-613T72M" failures="0" tests="1" name="com.qa.testcases.TC_linkTest_001" time="3.791" errors="0" timestamp="2023-10-13T02:00:57 GMT-11:00" skipped="0">
  <testcase classname="com.qa.testcases.TC_linkTest_001" name="linkTest" time="3.791"/>
</testsuite> <!-- com.qa.testcases.TC_linkTest_001 -->
