<?xml version="1.0" encoding="UTF-8"?>
<!-- Generated by org.testng.reporters.JUnitReportReporter -->
<testsuite hostname="DESKTOP-613T72M" failures="0" tests="6" name="com.qa.testcases.TC_HomePage_004" time="19.864" errors="0" timestamp="2023-10-13T02:00:57 GMT-11:00" skipped="0">
  <testcase classname="com.qa.testcases.TC_HomePage_004" name="test1" time="6.909"/>
  <testcase classname="com.qa.testcases.TC_HomePage_004" name="doLogin" time="1.682"/>
  <testcase classname="com.qa.testcases.TC_HomePage_004" name="checkAllLink" time="0.793"/>
  <testcase classname="com.qa.testcases.TC_HomePage_004" name="checkCategoriesLink" time="0.085"/>
  <testcase classname="com.qa.testcases.TC_HomePage_004" name="checkFeaturedProduct" time="9.248"/>
  <testcase classname="com.qa.testcases.TC_HomePage_004" name="doLogOut" time="1.147"/>
</testsuite> <!-- com.qa.testcases.TC_HomePage_004 -->
