<?xml version="1.0" encoding="UTF-8"?>
<!-- Generated by org.testng.reporters.JUnitReportReporter -->
<testsuite hostname="DESKTOP-613T72M" failures="0" tests="4" name="com.qa.testcases.TC_ProductDetailsPage_005" time="22.806" errors="0" timestamp="2023-10-13T02:00:57 GMT-11:00" skipped="0">
  <testcase classname="com.qa.testcases.TC_ProductDetailsPage_005" name="test1" time="3.826"/>
  <testcase classname="com.qa.testcases.TC_ProductDetailsPage_005" name="doLogin" time="1.632"/>
  <testcase classname="com.qa.testcases.TC_ProductDetailsPage_005" name="Quantity" time="15.554"/>
  <testcase classname="com.qa.testcases.TC_ProductDetailsPage_005" name="doLogOut" time="1.794"/>
</testsuite> <!-- com.qa.testcases.TC_ProductDetailsPage_005 -->
